0 info it worked if it ends with ok
1 verbose cli [ '/usr/bin/node', '/usr/bin/npm', 'i', '-g', 'now' ]
2 info using npm@3.5.2
3 info using node@v8.10.0
4 silly loadCurrentTree Starting
5 silly install loadCurrentTree
6 silly install readGlobalPackageData
7 silly fetchPackageMetaData now
8 silly fetchNamedPackageData now
9 silly mapToRegistry name now
10 silly mapToRegistry using default registry
11 silly mapToRegistry registry https://registry.npmjs.org/
12 silly mapToRegistry uri https://registry.npmjs.org/now
13 verbose request uri https://registry.npmjs.org/now
14 verbose request no auth needed
15 info attempt registry request try #1 at 6:39:40 PM
16 verbose request id 95fc3cac399260cc
17 verbose etag W/"0b6d3a9c3abf21c643ed2f41311c4673"
18 verbose lastModified Sat, 14 Sep 2019 15:34:17 GMT
19 http request GET https://registry.npmjs.org/now
20 http 304 https://registry.npmjs.org/now
21 verbose headers { date: 'Tue, 17 Sep 2019 11:39:40 GMT',
21 verbose headers   connection: 'keep-alive',
21 verbose headers   'set-cookie':
21 verbose headers    [ '__cfduid=d398d6d00f835e8f5439646d2e4bb5bc71568720380; expires=Wed, 16-Sep-20 11:39:40 GMT; path=/; domain=.npmjs.org; HttpOnly' ],
21 verbose headers   'cf-cache-status': 'HIT',
21 verbose headers   'cache-control': 'max-age=300',
21 verbose headers   'cf-ray': '517acd0a4fd2dde3-SIN',
21 verbose headers   age: '1349',
21 verbose headers   etag: '"0b6d3a9c3abf21c643ed2f41311c4673"',
21 verbose headers   'expect-ct': 'max-age=604800, report-uri="https://report-uri.cloudflare.com/cdn-cgi/beacon/expect-ct"',
21 verbose headers   'last-modified': 'Sat, 14 Sep 2019 15:34:17 GMT',
21 verbose headers   vary: 'accept-encoding, accept',
21 verbose headers   'x-amz-meta-rev': '1024-30bb4fab6bab4af3cb213334730ac227',
21 verbose headers   server: 'cloudflare' }
22 silly get cb [ 304,
22 silly get   { date: 'Tue, 17 Sep 2019 11:39:40 GMT',
22 silly get     connection: 'keep-alive',
22 silly get     'set-cookie':
22 silly get      [ '__cfduid=d398d6d00f835e8f5439646d2e4bb5bc71568720380; expires=Wed, 16-Sep-20 11:39:40 GMT; path=/; domain=.npmjs.org; HttpOnly' ],
22 silly get     'cf-cache-status': 'HIT',
22 silly get     'cache-control': 'max-age=300',
22 silly get     'cf-ray': '517acd0a4fd2dde3-SIN',
22 silly get     age: '1349',
22 silly get     etag: '"0b6d3a9c3abf21c643ed2f41311c4673"',
22 silly get     'expect-ct': 'max-age=604800, report-uri="https://report-uri.cloudflare.com/cdn-cgi/beacon/expect-ct"',
22 silly get     'last-modified': 'Sat, 14 Sep 2019 15:34:17 GMT',
22 silly get     vary: 'accept-encoding, accept',
22 silly get     'x-amz-meta-rev': '1024-30bb4fab6bab4af3cb213334730ac227',
22 silly get     server: 'cloudflare' } ]
23 verbose etag https://registry.npmjs.org/now from cache
24 verbose get saving now to /home/bambang/.npm/registry.npmjs.org/now/.cache.json
25 silly install normalizeTree
26 silly loadCurrentTree Finishing
27 silly loadIdealTree Starting
28 silly install loadIdealTree
29 silly cloneCurrentTree Starting
30 silly install cloneCurrentTreeToIdealTree
31 silly cloneCurrentTree Finishing
32 silly loadShrinkwrap Starting
33 silly install loadShrinkwrap
34 silly loadShrinkwrap Finishing
35 silly loadAllDepsIntoIdealTree Starting
36 silly install loadAllDepsIntoIdealTree
37 silly resolveWithNewModule now@16.2.0 checking installable status
38 silly cache add args [ 'now', null ]
39 verbose cache add spec now
40 silly cache add parsed spec Result {
40 silly cache add   raw: 'now',
40 silly cache add   scope: null,
40 silly cache add   name: 'now',
40 silly cache add   rawSpec: '',
40 silly cache add   spec: 'latest',
40 silly cache add   type: 'tag' }
41 silly addNamed now@latest
42 verbose addNamed "latest" is being treated as a dist-tag for now
43 info addNameTag [ 'now', 'latest' ]
44 silly mapToRegistry name now
45 silly mapToRegistry using default registry
46 silly mapToRegistry registry https://registry.npmjs.org/
47 silly mapToRegistry uri https://registry.npmjs.org/now
48 verbose addNameTag registry:https://registry.npmjs.org/now not in flight; fetching
49 verbose get https://registry.npmjs.org/now not expired, no request
50 silly addNameTag next cb for now with tag latest
51 silly addNamed now@16.2.0
52 verbose addNamed "16.2.0" is a plain semver version for now
53 silly cache afterAdd now@16.2.0
54 verbose afterAdd /home/bambang/.npm/now/16.2.0/package/package.json not in flight; writing
55 verbose afterAdd /home/bambang/.npm/now/16.2.0/package/package.json written
56 silly loadAllDepsIntoIdealTree Finishing
57 silly idealTree:prePrune lib
57 silly idealTree:prePrune └── now@16.2.0
58 silly loadIdealTree Finishing
59 silly currentTree lib
60 silly idealTree lib
60 silly idealTree └── now@16.2.0
61 silly generateActionsToTake Starting
62 silly install generateActionsToTake
63 silly generateActionsToTake Finishing
64 silly diffTrees action count 1
65 silly diffTrees add now@16.2.0
66 silly decomposeActions action count 8
67 silly decomposeActions fetch now@16.2.0
68 silly decomposeActions extract now@16.2.0
69 silly decomposeActions test now@16.2.0
70 silly decomposeActions preinstall now@16.2.0
71 silly decomposeActions build now@16.2.0
72 silly decomposeActions install now@16.2.0
73 silly decomposeActions postinstall now@16.2.0
74 silly decomposeActions finalize now@16.2.0
75 silly executeActions Starting
76 silly install executeActions
77 silly doSerial global-install 0
78 silly doParallel fetch 1
79 verbose lock using /home/bambang/.npm/_locks/staging-bae836461dec4e75.lock for /home/bambang/.npm-global/lib/node_modules/.staging
80 silly doParallel extract 1
81 silly extract now@16.2.0
82 verbose unbuild lib/node_modules/.staging/now-9515b270
83 silly gentlyRm /home/bambang/.npm-global/lib/node_modules/.staging/now-9515b270 is being purged from base /home/bambang/.npm-global
84 verbose gentlyRm don't care about contents; nuking /home/bambang/.npm-global/lib/node_modules/.staging/now-9515b270
85 verbose tar unpack /home/bambang/.npm/now/16.2.0/package.tgz
86 verbose tar unpacking to /home/bambang/.npm-global/lib/node_modules/.staging/now-9515b270
87 silly gentlyRm /home/bambang/.npm-global/lib/node_modules/.staging/now-9515b270 is being purged
88 verbose gentlyRm don't care about contents; nuking /home/bambang/.npm-global/lib/node_modules/.staging/now-9515b270
89 silly gunzTarPerm modes [ '775', '664' ]
90 silly gunzTarPerm extractEntry dist/runtimes/nodejs/bootstrap
91 silly gunzTarPerm modified mode [ 'dist/runtimes/nodejs/bootstrap', 493, 509 ]
92 silly gunzTarPerm extractEntry dist/runtimes/nodejs10.x/bootstrap
93 silly gunzTarPerm modified mode [ 'dist/runtimes/nodejs10.x/bootstrap', 493, 509 ]
94 silly gunzTarPerm extractEntry dist/runtimes/nodejs6.10/bootstrap
95 silly gunzTarPerm modified mode [ 'dist/runtimes/nodejs6.10/bootstrap', 493, 509 ]
96 silly gunzTarPerm extractEntry dist/runtimes/nodejs8.10/bootstrap
97 silly gunzTarPerm modified mode [ 'dist/runtimes/nodejs8.10/bootstrap', 493, 509 ]
98 silly gunzTarPerm extractEntry dist/runtimes/provided/bootstrap
99 silly gunzTarPerm modified mode [ 'dist/runtimes/provided/bootstrap', 493, 509 ]
100 silly gunzTarPerm extractEntry dist/runtimes/python/bootstrap
101 silly gunzTarPerm modified mode [ 'dist/runtimes/python/bootstrap', 493, 509 ]
102 silly gunzTarPerm extractEntry dist/runtimes/python2.7/bootstrap
103 silly gunzTarPerm modified mode [ 'dist/runtimes/python2.7/bootstrap', 493, 509 ]
104 silly gunzTarPerm extractEntry dist/runtimes/python3.6/bootstrap
105 silly gunzTarPerm modified mode [ 'dist/runtimes/python3.6/bootstrap', 493, 509 ]
106 silly gunzTarPerm extractEntry dist/runtimes/python3.7/bootstrap
107 silly gunzTarPerm modified mode [ 'dist/runtimes/python3.7/bootstrap', 493, 509 ]
108 silly gunzTarPerm extractEntry dist/config-chain/LICENCE
109 silly gunzTarPerm modified mode [ 'dist/config-chain/LICENCE', 420, 436 ]
110 silly gunzTarPerm extractEntry LICENSE
111 silly gunzTarPerm modified mode [ 'LICENSE', 420, 436 ]
112 silly gunzTarPerm extractEntry dist/xsel
113 silly gunzTarPerm modified mode [ 'dist/xsel', 493, 509 ]
114 silly gunzTarPerm extractEntry dist/clipboard_i686.exe
115 silly gunzTarPerm modified mode [ 'dist/clipboard_i686.exe', 493, 509 ]
116 silly gunzTarPerm extractEntry dist/clipboard_x86_64.exe
117 silly gunzTarPerm modified mode [ 'dist/clipboard_x86_64.exe', 493, 509 ]
118 silly gunzTarPerm extractEntry dist/runtimes/go1.x/bootstrap.go
119 silly gunzTarPerm modified mode [ 'dist/runtimes/go1.x/bootstrap.go', 420, 436 ]
120 silly gunzTarPerm extractEntry dist/builders.tar.gz
121 silly gunzTarPerm modified mode [ 'dist/builders.tar.gz', 420, 436 ]
122 silly gunzTarPerm extractEntry dist/runtimes/go1.x/bootstrap.js
123 silly gunzTarPerm modified mode [ 'dist/runtimes/go1.x/bootstrap.js', 420, 436 ]
124 silly gunzTarPerm extractEntry dist/runtimes/nodejs/bootstrap.js
125 silly gunzTarPerm modified mode [ 'dist/runtimes/nodejs/bootstrap.js', 420, 436 ]
126 silly gunzTarPerm extractEntry dist/runtimes/nodejs10.x/bootstrap.js
127 silly gunzTarPerm modified mode [ 'dist/runtimes/nodejs10.x/bootstrap.js', 420, 436 ]
128 silly gunzTarPerm extractEntry dist/runtimes/nodejs6.10/bootstrap.js
129 silly gunzTarPerm modified mode [ 'dist/runtimes/nodejs6.10/bootstrap.js', 420, 436 ]
130 silly gunzTarPerm extractEntry dist/runtimes/nodejs8.10/bootstrap.js
131 silly gunzTarPerm modified mode [ 'dist/runtimes/nodejs8.10/bootstrap.js', 420, 436 ]
132 silly gunzTarPerm extractEntry dist/runtimes/provided/bootstrap.js
133 silly gunzTarPerm modified mode [ 'dist/runtimes/provided/bootstrap.js', 420, 436 ]
134 silly gunzTarPerm extractEntry dist/runtimes/python/bootstrap.js
135 silly gunzTarPerm modified mode [ 'dist/runtimes/python/bootstrap.js', 420, 436 ]
136 silly gunzTarPerm extractEntry dist/runtimes/python2.7/bootstrap.js
137 silly gunzTarPerm modified mode [ 'dist/runtimes/python2.7/bootstrap.js', 420, 436 ]
138 silly gunzTarPerm extractEntry dist/runtimes/python3.6/bootstrap.js
139 silly gunzTarPerm modified mode [ 'dist/runtimes/python3.6/bootstrap.js', 420, 436 ]
140 silly gunzTarPerm extractEntry dist/runtimes/python3.7/bootstrap.js
141 silly gunzTarPerm modified mode [ 'dist/runtimes/python3.7/bootstrap.js', 420, 436 ]
142 silly gunzTarPerm extractEntry dist/builder-worker.js
143 silly gunzTarPerm modified mode [ 'dist/builder-worker.js', 420, 436 ]
144 silly gunzTarPerm extractEntry dist/index.js
145 silly gunzTarPerm modified mode [ 'dist/index.js', 493, 509 ]
146 silly gunzTarPerm extractEntry dist/runtimes/go1.x/index.js
147 silly gunzTarPerm modified mode [ 'dist/runtimes/go1.x/index.js', 420, 436 ]
148 silly gunzTarPerm extractEntry dist/runtimes/nodejs10.x/index.js
149 silly gunzTarPerm modified mode [ 'dist/runtimes/nodejs10.x/index.js', 420, 436 ]
150 silly gunzTarPerm extractEntry dist/runtimes/nodejs6.10/index.js
151 silly gunzTarPerm modified mode [ 'dist/runtimes/nodejs6.10/index.js', 420, 436 ]
152 silly gunzTarPerm extractEntry dist/runtimes/nodejs8.10/index.js
153 silly gunzTarPerm modified mode [ 'dist/runtimes/nodejs8.10/index.js', 420, 436 ]
154 silly gunzTarPerm extractEntry dist/runtimes/python2.7/index.js
155 silly gunzTarPerm modified mode [ 'dist/runtimes/python2.7/index.js', 420, 436 ]
156 silly gunzTarPerm extractEntry dist/runtimes/python3.6/index.js
157 silly gunzTarPerm modified mode [ 'dist/runtimes/python3.6/index.js', 420, 436 ]
158 silly gunzTarPerm extractEntry dist/runtimes/python3.7/index.js
159 silly gunzTarPerm modified mode [ 'dist/runtimes/python3.7/index.js', 420, 436 ]
160 silly gunzTarPerm extractEntry scripts/preinstall.js
161 silly gunzTarPerm modified mode [ 'scripts/preinstall.js', 493, 509 ]
162 silly gunzTarPerm extractEntry dist/sourcemap-register.js
163 silly gunzTarPerm modified mode [ 'dist/sourcemap-register.js', 420, 436 ]
164 silly gunzTarPerm extractEntry dist/util/billing/card-brands.json
165 silly gunzTarPerm modified mode [ 'dist/util/billing/card-brands.json', 420, 436 ]
166 silly gunzTarPerm extractEntry dist/config-chain/package.json
167 silly gunzTarPerm modified mode [ 'dist/config-chain/package.json', 420, 436 ]
168 silly gunzTarPerm extractEntry package.json
169 silly gunzTarPerm modified mode [ 'package.json', 420, 436 ]
170 silly gunzTarPerm extractEntry dist/util/dev/templates/error_404.jst
171 silly gunzTarPerm modified mode [ 'dist/util/dev/templates/error_404.jst', 420, 436 ]
172 silly gunzTarPerm extractEntry dist/util/dev/templates/error_502.jst
173 silly gunzTarPerm modified mode [ 'dist/util/dev/templates/error_502.jst', 420, 436 ]
174 silly gunzTarPerm extractEntry dist/util/dev/templates/error_base.jst
175 silly gunzTarPerm modified mode [ 'dist/util/dev/templates/error_base.jst', 420, 436 ]
176 silly gunzTarPerm extractEntry dist/util/dev/templates/error.jst
177 silly gunzTarPerm modified mode [ 'dist/util/dev/templates/error.jst', 420, 436 ]
178 silly gunzTarPerm extractEntry dist/util/dev/templates/redirect.jst
179 silly gunzTarPerm modified mode [ 'dist/util/dev/templates/redirect.jst', 420, 436 ]
180 silly gunzTarPerm extractEntry dist/runtimes/go1.x/bootstrap.js.map
181 silly gunzTarPerm modified mode [ 'dist/runtimes/go1.x/bootstrap.js.map', 420, 436 ]
182 silly gunzTarPerm extractEntry dist/runtimes/nodejs/bootstrap.js.map
183 silly gunzTarPerm modified mode [ 'dist/runtimes/nodejs/bootstrap.js.map', 420, 436 ]
184 silly gunzTarPerm extractEntry dist/runtimes/nodejs10.x/bootstrap.js.map
185 silly gunzTarPerm modified mode [ 'dist/runtimes/nodejs10.x/bootstrap.js.map', 420, 436 ]
186 silly gunzTarPerm extractEntry dist/runtimes/nodejs6.10/bootstrap.js.map
187 silly gunzTarPerm modified mode [ 'dist/runtimes/nodejs6.10/bootstrap.js.map', 420, 436 ]
188 silly gunzTarPerm extractEntry dist/runtimes/nodejs8.10/bootstrap.js.map
189 silly gunzTarPerm modified mode [ 'dist/runtimes/nodejs8.10/bootstrap.js.map', 420, 436 ]
190 silly gunzTarPerm extractEntry dist/runtimes/provided/bootstrap.js.map
191 silly gunzTarPerm modified mode [ 'dist/runtimes/provided/bootstrap.js.map', 420, 436 ]
192 silly gunzTarPerm extractEntry dist/runtimes/python/bootstrap.js.map
193 silly gunzTarPerm modified mode [ 'dist/runtimes/python/bootstrap.js.map', 420, 436 ]
194 silly gunzTarPerm extractEntry dist/runtimes/python2.7/bootstrap.js.map
195 silly gunzTarPerm modified mode [ 'dist/runtimes/python2.7/bootstrap.js.map', 420, 436 ]
196 silly gunzTarPerm extractEntry dist/runtimes/python3.6/bootstrap.js.map
197 silly gunzTarPerm modified mode [ 'dist/runtimes/python3.6/bootstrap.js.map', 420, 436 ]
198 silly gunzTarPerm extractEntry dist/runtimes/python3.7/bootstrap.js.map
199 silly gunzTarPerm modified mode [ 'dist/runtimes/python3.7/bootstrap.js.map', 420, 436 ]
200 silly gunzTarPerm extractEntry dist/index.js.map
201 silly gunzTarPerm modified mode [ 'dist/index.js.map', 420, 436 ]
202 silly gunzTarPerm extractEntry dist/runtimes/go1.x/index.js.map
203 silly gunzTarPerm modified mode [ 'dist/runtimes/go1.x/index.js.map', 420, 436 ]
204 silly gunzTarPerm extractEntry dist/runtimes/nodejs10.x/index.js.map
205 silly gunzTarPerm modified mode [ 'dist/runtimes/nodejs10.x/index.js.map', 420, 436 ]
206 silly gunzTarPerm extractEntry dist/runtimes/nodejs6.10/index.js.map
207 silly gunzTarPerm modified mode [ 'dist/runtimes/nodejs6.10/index.js.map', 420, 436 ]
208 silly gunzTarPerm extractEntry dist/runtimes/nodejs8.10/index.js.map
209 silly gunzTarPerm modified mode [ 'dist/runtimes/nodejs8.10/index.js.map', 420, 436 ]
210 silly gunzTarPerm extractEntry dist/runtimes/python2.7/index.js.map
211 silly gunzTarPerm modified mode [ 'dist/runtimes/python2.7/index.js.map', 420, 436 ]
212 silly gunzTarPerm extractEntry dist/runtimes/python3.6/index.js.map
213 silly gunzTarPerm modified mode [ 'dist/runtimes/python3.6/index.js.map', 420, 436 ]
214 silly gunzTarPerm extractEntry dist/runtimes/python3.7/index.js.map
215 silly gunzTarPerm modified mode [ 'dist/runtimes/python3.7/index.js.map', 420, 436 ]
216 silly gunzTarPerm extractEntry dist/config-chain/readme.markdown
217 silly gunzTarPerm modified mode [ 'dist/config-chain/readme.markdown', 420, 436 ]
218 silly gunzTarPerm extractEntry README.md
219 silly gunzTarPerm modified mode [ 'README.md', 420, 436 ]
220 silly gunzTarPerm extractEntry dist/runtimes/python/bootstrap.py
221 silly gunzTarPerm modified mode [ 'dist/runtimes/python/bootstrap.py', 420, 436 ]
222 silly gunzTarPerm extractEntry dist/util/dns/add-dns-record.ts
223 silly gunzTarPerm modified mode [ 'dist/util/dns/add-dns-record.ts', 420, 436 ]
224 silly gunzTarPerm extractEntry dist/util/domains/add-domain.ts
225 silly gunzTarPerm modified mode [ 'dist/util/domains/add-domain.ts', 420, 436 ]
226 silly gunzTarPerm extractEntry dist/util/agent.ts
227 silly gunzTarPerm modified mode [ 'dist/util/agent.ts', 420, 436 ]
228 silly gunzTarPerm extractEntry dist/util/arg-common.ts
229 silly gunzTarPerm modified mode [ 'dist/util/arg-common.ts', 420, 436 ]
230 silly gunzTarPerm extractEntry dist/util/alias/assign-alias.ts
231 silly gunzTarPerm modified mode [ 'dist/util/alias/assign-alias.ts', 420, 436 ]
232 silly gunzTarPerm extractEntry dist/runtimes/go1.x/bootstrap.d.ts
233 silly gunzTarPerm modified mode [ 'dist/runtimes/go1.x/bootstrap.d.ts', 420, 436 ]
234 silly gunzTarPerm extractEntry dist/runtimes/nodejs/bootstrap.d.ts
235 silly gunzTarPerm modified mode [ 'dist/runtimes/nodejs/bootstrap.d.ts', 420, 436 ]
236 silly gunzTarPerm extractEntry dist/runtimes/nodejs10.x/bootstrap.d.ts
237 silly gunzTarPerm modified mode [ 'dist/runtimes/nodejs10.x/bootstrap.d.ts', 420, 436 ]
238 silly gunzTarPerm extractEntry dist/runtimes/nodejs6.10/bootstrap.d.ts
239 silly gunzTarPerm modified mode [ 'dist/runtimes/nodejs6.10/bootstrap.d.ts', 420, 436 ]
240 silly gunzTarPerm extractEntry dist/runtimes/nodejs8.10/bootstrap.d.ts
241 silly gunzTarPerm modified mode [ 'dist/runtimes/nodejs8.10/bootstrap.d.ts', 420, 436 ]
242 silly gunzTarPerm extractEntry dist/runtimes/provided/bootstrap.d.ts
243 silly gunzTarPerm modified mode [ 'dist/runtimes/provided/bootstrap.d.ts', 420, 436 ]
244 silly gunzTarPerm extractEntry dist/runtimes/python/bootstrap.d.ts
245 silly gunzTarPerm modified mode [ 'dist/runtimes/python/bootstrap.d.ts', 420, 436 ]
246 silly gunzTarPerm extractEntry dist/runtimes/python2.7/bootstrap.d.ts
247 silly gunzTarPerm modified mode [ 'dist/runtimes/python2.7/bootstrap.d.ts', 420, 436 ]
248 silly gunzTarPerm extractEntry dist/runtimes/python3.6/bootstrap.d.ts
249 silly gunzTarPerm modified mode [ 'dist/runtimes/python3.6/bootstrap.d.ts', 420, 436 ]
250 silly gunzTarPerm extractEntry dist/runtimes/python3.7/bootstrap.d.ts
251 silly gunzTarPerm modified mode [ 'dist/runtimes/python3.7/bootstrap.d.ts', 420, 436 ]
252 silly gunzTarPerm extractEntry dist/util/dev/builder-cache.ts
253 silly gunzTarPerm modified mode [ 'dist/util/dev/builder-cache.ts', 420, 436 ]
254 silly gunzTarPerm extractEntry dist/util/dev/builder.ts
255 silly gunzTarPerm modified mode [ 'dist/util/dev/builder.ts', 420, 436 ]
256 silly gunzTarPerm extractEntry dist/util/output/chars.ts
257 silly gunzTarPerm modified mode [ 'dist/util/output/chars.ts', 420, 436 ]
258 silly gunzTarPerm extractEntry dist/util/domains/check-transfer.ts
259 silly gunzTarPerm modified mode [ 'dist/util/domains/check-transfer.ts', 420, 436 ]
260 silly gunzTarPerm extractEntry dist/util/client.ts
261 silly gunzTarPerm modified mode [ 'dist/util/client.ts', 420, 436 ]
262 silly gunzTarPerm extractEntry dist/util/output/cmd.ts
263 silly gunzTarPerm modified mode [ 'dist/util/output/cmd.ts', 420, 436 ]
264 silly gunzTarPerm extractEntry dist/util/output/code.ts
265 silly gunzTarPerm modified mode [ 'dist/util/output/code.ts', 420, 436 ]
266 silly gunzTarPerm extractEntry dist/util/combine-async-generators.ts
267 silly gunzTarPerm modified mode [ 'dist/util/combine-async-generators.ts', 420, 436 ]
268 silly gunzTarPerm extractEntry dist/util/constants.ts
269 silly gunzTarPerm modified mode [ 'dist/util/constants.ts', 420, 436 ]
270 silly gunzTarPerm extractEntry dist/util/alias/create-alias.ts
271 silly gunzTarPerm modified mode [ 'dist/util/alias/create-alias.ts', 420, 436 ]
272 silly gunzTarPerm extractEntry dist/util/certs/create-cert-for-alias.ts
273 silly gunzTarPerm modified mode [ 'dist/util/certs/create-cert-for-alias.ts', 420, 436 ]
274 silly gunzTarPerm extractEntry dist/util/certs/create-cert-for-cns.ts
275 silly gunzTarPerm modified mode [ 'dist/util/certs/create-cert-for-cns.ts', 420, 436 ]
276 silly gunzTarPerm extractEntry dist/util/certs/create-cert-from-file.ts
277 silly gunzTarPerm modified mode [ 'dist/util/certs/create-cert-from-file.ts', 420, 436 ]
278 silly gunzTarPerm extractEntry dist/util/output/create-output.ts
279 silly gunzTarPerm modified mode [ 'dist/util/output/create-output.ts', 420, 436 ]
280 silly gunzTarPerm extractEntry dist/util/create-polling-fn.ts
281 silly gunzTarPerm modified mode [ 'dist/util/create-polling-fn.ts', 420, 436 ]
282 silly gunzTarPerm extractEntry dist/dist/debug.d.ts
283 silly gunzTarPerm modified mode [ 'dist/dist/debug.d.ts', 420, 436 ]
284 silly gunzTarPerm extractEntry dist/util/certs/delete-cert-by-id.ts
285 silly gunzTarPerm modified mode [ 'dist/util/certs/delete-cert-by-id.ts', 420, 436 ]
286 silly gunzTarPerm extractEntry dist/util/dns/delete-dns-record-by-id.ts
287 silly gunzTarPerm modified mode [ 'dist/util/dns/delete-dns-record-by-id.ts', 420, 436 ]
288 silly gunzTarPerm extractEntry dist/util/alias/deployment-is-aliased.ts
289 silly gunzTarPerm modified mode [ 'dist/util/alias/deployment-is-aliased.ts', 420, 436 ]
290 silly gunzTarPerm extractEntry dist/util/alias/deployment-should-copy-scale.ts
291 silly gunzTarPerm modified mode [ 'dist/util/alias/deployment-should-copy-scale.ts', 420, 436 ]
292 silly gunzTarPerm extractEntry dist/util/alias/deployment-should-downscale.ts
293 silly gunzTarPerm modified mode [ 'dist/util/alias/deployment-should-downscale.ts', 420, 436 ]
294 silly gunzTarPerm extractEntry dist/dist/detect-builders.d.ts
295 silly gunzTarPerm modified mode [ 'dist/dist/detect-builders.d.ts', 420, 436 ]
296 silly gunzTarPerm extractEntry dist/dist/detect-routes.d.ts
297 silly gunzTarPerm modified mode [ 'dist/dist/detect-routes.d.ts', 420, 436 ]
298 silly gunzTarPerm extractEntry dist/util/init/did-you-mean.ts
299 silly gunzTarPerm modified mode [ 'dist/util/init/did-you-mean.ts', 420, 436 ]
300 silly gunzTarPerm extractEntry dist/dist/fs/download.d.ts
301 silly gunzTarPerm modified mode [ 'dist/dist/fs/download.d.ts', 420, 436 ]
302 silly gunzTarPerm extractEntry dist/util/output/elapsed.ts
303 silly gunzTarPerm modified mode [ 'dist/util/output/elapsed.ts', 420, 436 ]
304 silly gunzTarPerm extractEntry dist/util/output/erase-lines.ts
305 silly gunzTarPerm modified mode [ 'dist/util/output/erase-lines.ts', 420, 436 ]
306 silly gunzTarPerm extractEntry dist/util/dev/templates/error_404.ts
307 silly gunzTarPerm modified mode [ 'dist/util/dev/templates/error_404.ts', 420, 436 ]
308 silly gunzTarPerm extractEntry dist/util/dev/templates/error_502.ts
309 silly gunzTarPerm modified mode [ 'dist/util/dev/templates/error_502.ts', 420, 436 ]
310 silly gunzTarPerm extractEntry dist/util/dev/templates/error_base.ts
311 silly gunzTarPerm modified mode [ 'dist/util/dev/templates/error_base.ts', 420, 436 ]
312 silly gunzTarPerm extractEntry dist/util/dev/templates/error.ts
313 silly gunzTarPerm modified mode [ 'dist/util/dev/templates/error.ts', 420, 436 ]
314 silly gunzTarPerm extractEntry dist/util/output/error.ts
315 silly gunzTarPerm modified mode [ 'dist/util/output/error.ts', 420, 436 ]
316 silly gunzTarPerm extractEntry dist/util/errors-ts.ts
317 silly gunzTarPerm modified mode [ 'dist/util/errors-ts.ts', 420, 436 ]
318 silly gunzTarPerm extractEntry dist/util/dev/errors.ts
319 silly gunzTarPerm modified mode [ 'dist/util/dev/errors.ts', 420, 436 ]
320 silly gunzTarPerm extractEntry dist/util/errors.ts
321 silly gunzTarPerm modified mode [ 'dist/util/errors.ts', 420, 436 ]
322 silly gunzTarPerm extractEntry dist/util/event-listener-to-generator.ts
323 silly gunzTarPerm modified mode [ 'dist/util/event-listener-to-generator.ts', 420, 436 ]
324 silly gunzTarPerm extractEntry dist/util/alias/extract-domain.ts
325 silly gunzTarPerm modified mode [ 'dist/util/alias/extract-domain.ts', 420, 436 ]
326 silly gunzTarPerm extractEntry dist/dist/file-blob.d.ts
327 silly gunzTarPerm modified mode [ 'dist/dist/file-blob.d.ts', 420, 436 ]
328 silly gunzTarPerm extractEntry dist/dist/file-fs-ref.d.ts
329 silly gunzTarPerm modified mode [ 'dist/dist/file-fs-ref.d.ts', 420, 436 ]
330 silly gunzTarPerm extractEntry dist/dist/file-ref.d.ts
331 silly gunzTarPerm modified mode [ 'dist/dist/file-ref.d.ts', 420, 436 ]
332 silly gunzTarPerm extractEntry dist/util/config/files.ts
333 silly gunzTarPerm modified mode [ 'dist/util/config/files.ts', 420, 436 ]
334 silly gunzTarPerm extractEntry dist/util/alias/find-alias-by-alias-or-id.ts
335 silly gunzTarPerm modified mode [ 'dist/util/alias/find-alias-by-alias-or-id.ts', 420, 436 ]
336 silly gunzTarPerm extractEntry dist/util/certs/finish-cert-order.ts
337 silly gunzTarPerm modified mode [ 'dist/util/certs/finish-cert-order.ts', 420, 436 ]
338 silly gunzTarPerm extractEntry dist/util/format-date.ts
339 silly gunzTarPerm modified mode [ 'dist/util/format-date.ts', 420, 436 ]
340 silly gunzTarPerm extractEntry dist/util/format-dns-table.ts
341 silly gunzTarPerm modified mode [ 'dist/util/format-dns-table.ts', 420, 436 ]
342 silly gunzTarPerm extractEntry dist/util/format-ns-table.ts
343 silly gunzTarPerm modified mode [ 'dist/util/format-ns-table.ts', 420, 436 ]
344 silly gunzTarPerm extractEntry dist/util/format-table.ts
345 silly gunzTarPerm modified mode [ 'dist/util/format-table.ts', 420, 436 ]
346 silly gunzTarPerm extractEntry dist/util/deploy/generate-cert-for-deploy.ts
347 silly gunzTarPerm modified mode [ 'dist/util/deploy/generate-cert-for-deploy.ts', 420, 436 ]
348 silly gunzTarPerm extractEntry dist/util/alias/get-aliases.ts
349 silly gunzTarPerm modified mode [ 'dist/util/alias/get-aliases.ts', 420, 436 ]
350 silly gunzTarPerm extractEntry dist/util/deploy/get-app-last-deployment.ts
351 silly gunzTarPerm modified mode [ 'dist/util/deploy/get-app-last-deployment.ts', 420, 436 ]
352 silly gunzTarPerm extractEntry dist/util/deploy/get-app-name.ts
353 silly gunzTarPerm modified mode [ 'dist/util/deploy/get-app-name.ts', 420, 436 ]
354 silly gunzTarPerm extractEntry dist/util/get-args.ts
355 silly gunzTarPerm modified mode [ 'dist/util/get-args.ts', 420, 436 ]
356 silly gunzTarPerm extractEntry dist/util/domains/get-auth-code.ts
357 silly gunzTarPerm modified mode [ 'dist/util/domains/get-auth-code.ts', 420, 436 ]
358 silly gunzTarPerm extractEntry dist/util/certs/get-cert-by-id.ts
359 silly gunzTarPerm modified mode [ 'dist/util/certs/get-cert-by-id.ts', 420, 436 ]
360 silly gunzTarPerm extractEntry dist/util/certs/get-certs-for-domain.ts
361 silly gunzTarPerm modified mode [ 'dist/util/certs/get-certs-for-domain.ts', 420, 436 ]
362 silly gunzTarPerm extractEntry dist/util/certs/get-certs.ts
363 silly gunzTarPerm modified mode [ 'dist/util/certs/get-certs.ts', 420, 436 ]
364 silly gunzTarPerm extractEntry dist/util/certs/get-cns-from-args.ts
365 silly gunzTarPerm modified mode [ 'dist/util/certs/get-cns-from-args.ts', 420, 436 ]
366 silly gunzTarPerm extractEntry dist/util/get-config.ts
367 silly gunzTarPerm modified mode [ 'dist/util/get-config.ts', 420, 436 ]
368 silly gunzTarPerm extractEntry dist/util/deploy/get-deployment-by-id-or-host.ts
369 silly gunzTarPerm modified mode [ 'dist/util/deploy/get-deployment-by-id-or-host.ts', 420, 436 ]
370 silly gunzTarPerm extractEntry dist/util/deploy/get-deployment-by-id-or-throw.ts
371 silly gunzTarPerm modified mode [ 'dist/util/deploy/get-deployment-by-id-or-throw.ts', 420, 436 ]
372 silly gunzTarPerm extractEntry dist/util/alias/get-deployment-downscale-presets.ts
373 silly gunzTarPerm modified mode [ 'dist/util/alias/get-deployment-downscale-presets.ts',
373 silly gunzTarPerm   420,
373 silly gunzTarPerm   436 ]
374 silly gunzTarPerm extractEntry dist/util/alias/get-deployment-for-alias.ts
375 silly gunzTarPerm modified mode [ 'dist/util/alias/get-deployment-for-alias.ts', 420, 436 ]
376 silly gunzTarPerm extractEntry dist/util/alias/get-deployment-from-alias.ts
377 silly gunzTarPerm modified mode [ 'dist/util/alias/get-deployment-from-alias.ts', 420, 436 ]
378 silly gunzTarPerm extractEntry dist/util/deploy/get-deployment-instances.ts
379 silly gunzTarPerm modified mode [ 'dist/util/deploy/get-deployment-instances.ts', 420, 436 ]
380 silly gunzTarPerm extractEntry dist/util/deploy/get-deployments-by-appname.ts
381 silly gunzTarPerm modified mode [ 'dist/util/deploy/get-deployments-by-appname.ts', 420, 436 ]
382 silly gunzTarPerm extractEntry dist/util/deploy/get-deployments-by-project-id.ts
383 silly gunzTarPerm modified mode [ 'dist/util/deploy/get-deployments-by-project-id.ts', 420, 436 ]
384 silly gunzTarPerm extractEntry dist/util/get-dist-tag.ts
385 silly gunzTarPerm modified mode [ 'dist/util/get-dist-tag.ts', 420, 436 ]
386 silly gunzTarPerm extractEntry dist/util/dns/get-dns-data.ts
387 silly gunzTarPerm modified mode [ 'dist/util/dns/get-dns-data.ts', 420, 436 ]
388 silly gunzTarPerm extractEntry dist/util/dns/get-dns-record-by-id.ts
389 silly gunzTarPerm modified mode [ 'dist/util/dns/get-dns-record-by-id.ts', 420, 436 ]
390 silly gunzTarPerm extractEntry dist/util/dns/get-dns-records.ts
391 silly gunzTarPerm modified mode [ 'dist/util/dns/get-dns-records.ts', 420, 436 ]
392 silly gunzTarPerm extractEntry dist/util/alias/get-domain-aliases.ts
393 silly gunzTarPerm modified mode [ 'dist/util/alias/get-domain-aliases.ts', 420, 436 ]
394 silly gunzTarPerm extractEntry dist/util/domains/get-domain-by-name.ts
395 silly gunzTarPerm modified mode [ 'dist/util/domains/get-domain-by-name.ts', 420, 436 ]
396 silly gunzTarPerm extractEntry dist/util/dns/get-domain-dns-records.ts
397 silly gunzTarPerm modified mode [ 'dist/util/dns/get-domain-dns-records.ts', 420, 436 ]
398 silly gunzTarPerm extractEntry dist/util/domains/get-domain-price.ts
399 silly gunzTarPerm modified mode [ 'dist/util/domains/get-domain-price.ts', 420, 436 ]
400 silly gunzTarPerm extractEntry dist/util/domains/get-domain-status.ts
401 silly gunzTarPerm modified mode [ 'dist/util/domains/get-domain-status.ts', 420, 436 ]
402 silly gunzTarPerm extractEntry dist/util/domains/get-domains.ts
403 silly gunzTarPerm modified mode [ 'dist/util/domains/get-domains.ts', 420, 436 ]
404 silly gunzTarPerm extractEntry dist/util/get-files.ts
405 silly gunzTarPerm modified mode [ 'dist/util/get-files.ts', 420, 436 ]
406 silly gunzTarPerm extractEntry dist/util/alias/get-inferred-targets.ts
407 silly gunzTarPerm modified mode [ 'dist/util/alias/get-inferred-targets.ts', 420, 436 ]
408 silly gunzTarPerm extractEntry dist/util/scale/get-max-from-args.ts
409 silly gunzTarPerm modified mode [ 'dist/util/scale/get-max-from-args.ts', 420, 436 ]
410 silly gunzTarPerm extractEntry dist/util/scale/get-min-from-args.ts
411 silly gunzTarPerm modified mode [ 'dist/util/scale/get-min-from-args.ts', 420, 436 ]
412 silly gunzTarPerm extractEntry dist/util/projects/get-project-by-id-or-name.ts
413 silly gunzTarPerm modified mode [ 'dist/util/projects/get-project-by-id-or-name.ts', 420, 436 ]
414 silly gunzTarPerm extractEntry dist/util/scale/get-raw-min-from-args.ts
415 silly gunzTarPerm modified mode [ 'dist/util/scale/get-raw-min-from-args.ts', 420, 436 ]
416 silly gunzTarPerm extractEntry dist/util/alias/get-rules-from-file.ts
417 silly gunzTarPerm modified mode [ 'dist/util/alias/get-rules-from-file.ts', 420, 436 ]
418 silly gunzTarPerm extractEntry dist/util/scale/get-scale-for-dc.ts
419 silly gunzTarPerm modified mode [ 'dist/util/scale/get-scale-for-dc.ts', 420, 436 ]
420 silly gunzTarPerm extractEntry dist/util/get-scope.ts
421 silly gunzTarPerm modified mode [ 'dist/util/get-scope.ts', 420, 436 ]
422 silly gunzTarPerm extractEntry dist/util/deploy/get-state-change-from-polling.ts
423 silly gunzTarPerm modified mode [ 'dist/util/deploy/get-state-change-from-polling.ts', 420, 436 ]
424 silly gunzTarPerm extractEntry dist/util/get-subcommand.ts
425 silly gunzTarPerm modified mode [ 'dist/util/get-subcommand.ts', 420, 436 ]
426 silly gunzTarPerm extractEntry dist/util/alias/get-targets-for-alias.ts
427 silly gunzTarPerm modified mode [ 'dist/util/alias/get-targets-for-alias.ts', 420, 436 ]
428 silly gunzTarPerm extractEntry dist/util/get-team-by-id.ts
429 silly gunzTarPerm modified mode [ 'dist/util/get-team-by-id.ts', 420, 436 ]
430 silly gunzTarPerm extractEntry dist/util/get-teams.ts
431 silly gunzTarPerm modified mode [ 'dist/util/get-teams.ts', 420, 436 ]
432 silly gunzTarPerm extractEntry dist/util/get-update-command.ts
433 silly gunzTarPerm modified mode [ 'dist/util/get-update-command.ts', 420, 436 ]
434 silly gunzTarPerm extractEntry dist/util/get-user.ts
435 silly gunzTarPerm modified mode [ 'dist/util/get-user.ts', 420, 436 ]
436 silly gunzTarPerm extractEntry dist/util/certs/get-wildcard-cns-for-alias.ts
437 silly gunzTarPerm modified mode [ 'dist/util/certs/get-wildcard-cns-for-alias.ts', 420, 436 ]
438 silly gunzTarPerm extractEntry dist/dist/fs/get-writable-directory.d.ts
439 silly gunzTarPerm modified mode [ 'dist/dist/fs/get-writable-directory.d.ts', 420, 436 ]
440 silly gunzTarPerm extractEntry dist/dist/fs/glob.d.ts
441 silly gunzTarPerm modified mode [ 'dist/dist/fs/glob.d.ts', 420, 436 ]
442 silly gunzTarPerm extractEntry dist/util/config/global-path.ts
443 silly gunzTarPerm modified mode [ 'dist/util/config/global-path.ts', 420, 436 ]
444 silly gunzTarPerm extractEntry dist/util/certs/handle-cert-error.ts
445 silly gunzTarPerm modified mode [ 'dist/util/certs/handle-cert-error.ts', 420, 436 ]
446 silly gunzTarPerm extractEntry dist/util/handle-error.ts
447 silly gunzTarPerm modified mode [ 'dist/util/handle-error.ts', 420, 436 ]
448 silly gunzTarPerm extractEntry dist/util/output/highlight.ts
449 silly gunzTarPerm modified mode [ 'dist/util/output/highlight.ts', 420, 436 ]
450 silly gunzTarPerm extractEntry dist/util/humanize-path.ts
451 silly gunzTarPerm modified mode [ 'dist/util/humanize-path.ts', 420, 436 ]
452 silly gunzTarPerm extractEntry dist/util/ignored.ts
453 silly gunzTarPerm modified mode [ 'dist/util/ignored.ts', 420, 436 ]
454 silly gunzTarPerm extractEntry dist/util/dns/import-zonefile.ts
455 silly gunzTarPerm modified mode [ 'dist/util/dns/import-zonefile.ts', 420, 436 ]
456 silly gunzTarPerm extractEntry dist/dist/index.d.ts
457 silly gunzTarPerm modified mode [ 'dist/dist/index.d.ts', 420, 436 ]
458 silly gunzTarPerm extractEntry dist/runtimes/go1.x/index.d.ts
459 silly gunzTarPerm modified mode [ 'dist/runtimes/go1.x/index.d.ts', 420, 436 ]
460 silly gunzTarPerm extractEntry dist/runtimes/nodejs10.x/index.d.ts
461 silly gunzTarPerm modified mode [ 'dist/runtimes/nodejs10.x/index.d.ts', 420, 436 ]
462 silly gunzTarPerm extractEntry dist/runtimes/nodejs6.10/index.d.ts
463 silly gunzTarPerm modified mode [ 'dist/runtimes/nodejs6.10/index.d.ts', 420, 436 ]
464 silly gunzTarPerm extractEntry dist/runtimes/nodejs8.10/index.d.ts
465 silly gunzTarPerm modified mode [ 'dist/runtimes/nodejs8.10/index.d.ts', 420, 436 ]
466 silly gunzTarPerm extractEntry dist/runtimes/python2.7/index.d.ts
467 silly gunzTarPerm modified mode [ 'dist/runtimes/python2.7/index.d.ts', 420, 436 ]
468 silly gunzTarPerm extractEntry dist/runtimes/python3.6/index.d.ts
469 silly gunzTarPerm modified mode [ 'dist/runtimes/python3.6/index.d.ts', 420, 436 ]
470 silly gunzTarPerm extractEntry dist/runtimes/python3.7/index.d.ts
471 silly gunzTarPerm modified mode [ 'dist/runtimes/python3.7/index.d.ts', 420, 436 ]
472 silly gunzTarPerm extractEntry dist/util/output/index.ts
473 silly gunzTarPerm modified mode [ 'dist/util/output/index.ts', 420, 436 ]
474 silly gunzTarPerm extractEntry dist/util/output/info.ts
475 silly gunzTarPerm modified mode [ 'dist/util/output/info.ts', 420, 436 ]
476 silly gunzTarPerm extractEntry dist/util/domains/is-domain-external.ts
477 silly gunzTarPerm modified mode [ 'dist/util/domains/is-domain-external.ts', 420, 436 ]
478 silly gunzTarPerm extractEntry dist/util/is-root-domain.ts
479 silly gunzTarPerm modified mode [ 'dist/util/is-root-domain.ts', 420, 436 ]
480 silly gunzTarPerm extractEntry dist/util/dev/is-url.ts
481 silly gunzTarPerm modified mode [ 'dist/util/dev/is-url.ts', 420, 436 ]
482 silly gunzTarPerm extractEntry dist/util/scale/is-valid-min-max-value.ts
483 silly gunzTarPerm modified mode [ 'dist/util/scale/is-valid-min-max-value.ts', 420, 436 ]
484 silly gunzTarPerm extractEntry dist/util/is-valid-name.ts
485 silly gunzTarPerm modified mode [ 'dist/util/is-valid-name.ts', 420, 436 ]
486 silly gunzTarPerm extractEntry dist/util/alias/is-wildcard-alias.ts
487 silly gunzTarPerm modified mode [ 'dist/util/alias/is-wildcard-alias.ts', 420, 436 ]
488 silly gunzTarPerm extractEntry dist/util/certs/issue-cert.ts
489 silly gunzTarPerm modified mode [ 'dist/util/certs/issue-cert.ts', 420, 436 ]
490 silly gunzTarPerm extractEntry dist/util/output/join-words.ts
491 silly gunzTarPerm modified mode [ 'dist/util/output/join-words.ts', 420, 436 ]
492 silly gunzTarPerm extractEntry dist/dist/lambda.d.ts
493 silly gunzTarPerm modified mode [ 'dist/dist/lambda.d.ts', 420, 436 ]
494 silly gunzTarPerm extractEntry dist/util/output/link.ts
495 silly gunzTarPerm modified mode [ 'dist/util/output/link.ts', 420, 436 ]
496 silly gunzTarPerm extractEntry dist/util/output/list-item.ts
497 silly gunzTarPerm modified mode [ 'dist/util/output/list-item.ts', 420, 436 ]
498 silly gunzTarPerm extractEntry dist/util/config/local-path.ts
499 silly gunzTarPerm modified mode [ 'dist/util/config/local-path.ts', 420, 436 ]
500 silly gunzTarPerm extractEntry dist/util/login/login.ts
501 silly gunzTarPerm modified mode [ 'dist/util/login/login.ts', 420, 436 ]
502 silly gunzTarPerm extractEntry dist/util/output/logo.ts
503 silly gunzTarPerm modified mode [ 'dist/util/output/logo.ts', 420, 436 ]
504 silly gunzTarPerm extractEntry dist/util/certs/map-cert-error.ts
505 silly gunzTarPerm modified mode [ 'dist/util/certs/map-cert-error.ts', 420, 436 ]
506 silly gunzTarPerm extractEntry dist/util/domains/maybe-get-domain-by-name.ts
507 silly gunzTarPerm modified mode [ 'dist/util/domains/maybe-get-domain-by-name.ts', 420, 436 ]
508 silly gunzTarPerm extractEntry dist/util/metrics.ts
509 silly gunzTarPerm modified mode [ 'dist/util/metrics.ts', 420, 436 ]
510 silly gunzTarPerm extractEntry dist/util/dev/mime-type.ts
511 silly gunzTarPerm modified mode [ 'dist/util/dev/mime-type.ts', 420, 436 ]
512 silly gunzTarPerm extractEntry dist/util/domains/move-out-domain.ts
513 silly gunzTarPerm modified mode [ 'dist/util/domains/move-out-domain.ts', 420, 436 ]
514 silly gunzTarPerm extractEntry dist/dist/fs/node-version.d.ts
515 silly gunzTarPerm modified mode [ 'dist/dist/fs/node-version.d.ts', 420, 436 ]
516 silly gunzTarPerm extractEntry dist/util/now-error.ts
517 silly gunzTarPerm modified mode [ 'dist/util/now-error.ts', 420, 436 ]
518 silly gunzTarPerm extractEntry dist/util/once.ts
519 silly gunzTarPerm modified mode [ 'dist/util/once.ts', 420, 436 ]
520 silly gunzTarPerm extractEntry dist/util/output/param.ts
521 silly gunzTarPerm modified mode [ 'dist/util/output/param.ts', 420, 436 ]
522 silly gunzTarPerm extractEntry dist/util/dns/parse-add-dns-record-args.ts
523 silly gunzTarPerm modified mode [ 'dist/util/dns/parse-add-dns-record-args.ts', 420, 436 ]
524 silly gunzTarPerm extractEntry dist/util/dev/parse-listen.ts
525 silly gunzTarPerm modified mode [ 'dist/util/dev/parse-listen.ts', 420, 436 ]
526 silly gunzTarPerm extractEntry dist/util/scale/patch-deployment-scale.ts
527 silly gunzTarPerm modified mode [ 'dist/util/scale/patch-deployment-scale.ts', 420, 436 ]
528 silly gunzTarPerm extractEntry dist/util/path-helpers.ts
529 silly gunzTarPerm modified mode [ 'dist/util/path-helpers.ts', 420, 436 ]
530 silly gunzTarPerm extractEntry dist/util/pkg.ts
531 silly gunzTarPerm modified mode [ 'dist/util/pkg.ts', 420, 436 ]
532 silly gunzTarPerm extractEntry dist/util/prefer-v2-deployment.ts
533 silly gunzTarPerm modified mode [ 'dist/util/prefer-v2-deployment.ts', 420, 436 ]
534 silly gunzTarPerm extractEntry dist/util/input/prompt-bool.ts
535 silly gunzTarPerm modified mode [ 'dist/util/input/prompt-bool.ts', 420, 436 ]
536 silly gunzTarPerm extractEntry dist/util/prompt-bool.ts
537 silly gunzTarPerm modified mode [ 'dist/util/prompt-bool.ts', 420, 436 ]
538 silly gunzTarPerm extractEntry dist/util/domains/purchase-domain-if-available.ts
539 silly gunzTarPerm modified mode [ 'dist/util/domains/purchase-domain-if-available.ts', 420, 436 ]
540 silly gunzTarPerm extractEntry dist/util/domains/purchase-domain.ts
541 silly gunzTarPerm modified mode [ 'dist/util/domains/purchase-domain.ts', 420, 436 ]
542 silly gunzTarPerm extractEntry dist/util/race-async-generators.ts
543 silly gunzTarPerm modified mode [ 'dist/util/race-async-generators.ts', 420, 436 ]
544 silly gunzTarPerm extractEntry dist/util/config/read-config.ts
545 silly gunzTarPerm modified mode [ 'dist/util/config/read-config.ts', 420, 436 ]
546 silly gunzTarPerm extractEntry dist/util/read-json-file.ts
547 silly gunzTarPerm modified mode [ 'dist/util/read-json-file.ts', 420, 436 ]
548 silly gunzTarPerm extractEntry dist/util/read-package.ts
549 silly gunzTarPerm modified mode [ 'dist/util/read-package.ts', 420, 436 ]
550 silly gunzTarPerm extractEntry dist/util/dev/templates/redirect.ts
551 silly gunzTarPerm modified mode [ 'dist/util/dev/templates/redirect.ts', 420, 436 ]
552 silly gunzTarPerm extractEntry dist/util/alias/remove-alias-by-id.ts
553 silly gunzTarPerm modified mode [ 'dist/util/alias/remove-alias-by-id.ts', 420, 436 ]
554 silly gunzTarPerm extractEntry dist/util/domains/remove-domain-by-name.ts
555 silly gunzTarPerm modified mode [ 'dist/util/domains/remove-domain-by-name.ts', 420, 436 ]
556 silly gunzTarPerm extractEntry dist/util/projects/remove-project.ts
557 silly gunzTarPerm modified mode [ 'dist/util/projects/remove-project.ts', 420, 436 ]
558 silly gunzTarPerm extractEntry dist/dist/fs/rename.d.ts
559 silly gunzTarPerm modified mode [ 'dist/dist/fs/rename.d.ts', 420, 436 ]
560 silly gunzTarPerm extractEntry dist/util/response-error.ts
561 silly gunzTarPerm modified mode [ 'dist/util/response-error.ts', 420, 436 ]
562 silly gunzTarPerm extractEntry dist/util/returnify-async-generator.ts
563 silly gunzTarPerm modified mode [ 'dist/util/returnify-async-generator.ts', 420, 436 ]
564 silly gunzTarPerm extractEntry dist/util/dev/router.ts
565 silly gunzTarPerm modified mode [ 'dist/util/dev/router.ts', 420, 436 ]
566 silly gunzTarPerm extractEntry dist/dist/fs/run-user-scripts.d.ts
567 silly gunzTarPerm modified mode [ 'dist/dist/fs/run-user-scripts.d.ts', 420, 436 ]
568 silly gunzTarPerm extractEntry dist/util/dev/server.ts
569 silly gunzTarPerm modified mode [ 'dist/util/dev/server.ts', 420, 436 ]
570 silly gunzTarPerm extractEntry dist/util/domains/set-custom-suffix.ts
571 silly gunzTarPerm modified mode [ 'dist/util/domains/set-custom-suffix.ts', 420, 436 ]
572 silly gunzTarPerm extractEntry dist/util/scale/set-deployment-scale.ts
573 silly gunzTarPerm modified mode [ 'dist/util/scale/set-deployment-scale.ts', 420, 436 ]
574 silly gunzTarPerm extractEntry dist/util/domains/setup-domain.ts
575 silly gunzTarPerm modified mode [ 'dist/util/domains/setup-domain.ts', 420, 436 ]
576 silly gunzTarPerm extractEntry dist/dist/should-serve.d.ts
577 silly gunzTarPerm modified mode [ 'dist/dist/should-serve.d.ts', 420, 436 ]
578 silly gunzTarPerm extractEntry dist/util/sleep.ts
579 silly gunzTarPerm modified mode [ 'dist/util/sleep.ts', 420, 436 ]
580 silly gunzTarPerm extractEntry dist/util/output/stamp.ts
581 silly gunzTarPerm modified mode [ 'dist/util/output/stamp.ts', 420, 436 ]
582 silly gunzTarPerm extractEntry dist/util/certs/start-cert-order.ts
583 silly gunzTarPerm modified mode [ 'dist/util/certs/start-cert-order.ts', 420, 436 ]
584 silly gunzTarPerm extractEntry dist/util/dev/static-builder.ts
585 silly gunzTarPerm modified mode [ 'dist/util/dev/static-builder.ts', 420, 436 ]
586 silly gunzTarPerm extractEntry dist/dist/fs/stream-to-buffer.d.ts
587 silly gunzTarPerm modified mode [ 'dist/dist/fs/stream-to-buffer.d.ts', 420, 436 ]
588 silly gunzTarPerm extractEntry dist/util/strlen.ts
589 silly gunzTarPerm modified mode [ 'dist/util/strlen.ts', 420, 436 ]
590 silly gunzTarPerm extractEntry dist/util/output/success.ts
591 silly gunzTarPerm modified mode [ 'dist/util/output/success.ts', 420, 436 ]
592 silly gunzTarPerm extractEntry dist/util/input/text.ts
593 silly gunzTarPerm modified mode [ 'dist/util/input/text.ts', 420, 436 ]
594 silly gunzTarPerm extractEntry dist/util/to-host.ts
595 silly gunzTarPerm modified mode [ 'dist/util/to-host.ts', 420, 436 ]
596 silly gunzTarPerm extractEntry dist/util/scale/to-number-or-auto.ts
597 silly gunzTarPerm modified mode [ 'dist/util/scale/to-number-or-auto.ts', 420, 436 ]
598 silly gunzTarPerm extractEntry dist/util/domains/transfer-in-domain.ts
599 silly gunzTarPerm modified mode [ 'dist/util/domains/transfer-in-domain.ts', 420, 436 ]
600 silly gunzTarPerm extractEntry dist/dist/types.d.ts
601 silly gunzTarPerm modified mode [ 'dist/dist/types.d.ts', 420, 436 ]
602 silly gunzTarPerm extractEntry dist/util/dev/types.ts
603 silly gunzTarPerm modified mode [ 'dist/util/dev/types.ts', 420, 436 ]
604 silly gunzTarPerm extractEntry dist/util/ua-browser.ts
605 silly gunzTarPerm modified mode [ 'dist/util/ua-browser.ts', 420, 436 ]
606 silly gunzTarPerm extractEntry dist/util/ua.ts
607 silly gunzTarPerm modified mode [ 'dist/util/ua.ts', 420, 436 ]
608 silly gunzTarPerm extractEntry dist/util/unique-strings.ts
609 silly gunzTarPerm modified mode [ 'dist/util/unique-strings.ts', 420, 436 ]
610 silly gunzTarPerm extractEntry dist/util/alias/upsert-path-alias.ts
611 silly gunzTarPerm modified mode [ 'dist/util/alias/upsert-path-alias.ts', 420, 436 ]
612 silly gunzTarPerm extractEntry dist/util/uuid.ts
613 silly gunzTarPerm modified mode [ 'dist/util/uuid.ts', 420, 436 ]
614 silly gunzTarPerm extractEntry dist/util/alias/validate-path-alias-rules.ts
615 silly gunzTarPerm modified mode [ 'dist/util/alias/validate-path-alias-rules.ts', 420, 436 ]
616 silly gunzTarPerm extractEntry dist/util/dev/validate.ts
617 silly gunzTarPerm modified mode [ 'dist/util/dev/validate.ts', 420, 436 ]
618 silly gunzTarPerm extractEntry dist/util/scale/verify-deployment-scale.ts
619 silly gunzTarPerm modified mode [ 'dist/util/scale/verify-deployment-scale.ts', 420, 436 ]
620 silly gunzTarPerm extractEntry dist/util/domains/verify-domain.ts
621 silly gunzTarPerm modified mode [ 'dist/util/domains/verify-domain.ts', 420, 436 ]
622 silly gunzTarPerm extractEntry dist/util/scale/wait-verify-deployment-scale.ts
623 silly gunzTarPerm modified mode [ 'dist/util/scale/wait-verify-deployment-scale.ts', 420, 436 ]
624 silly gunzTarPerm extractEntry dist/util/output/wait.ts
625 silly gunzTarPerm modified mode [ 'dist/util/output/wait.ts', 420, 436 ]
626 silly gunzTarPerm extractEntry dist/util/with-spinner.ts
627 silly gunzTarPerm modified mode [ 'dist/util/with-spinner.ts', 420, 436 ]
628 silly gunzTarPerm extractEntry dist/util/dev/yarn-installer.ts
629 silly gunzTarPerm modified mode [ 'dist/util/dev/yarn-installer.ts', 420, 436 ]
630 silly gunzTarPerm extractEntry dist/util/zeit-world-table.ts
631 silly gunzTarPerm modified mode [ 'dist/util/zeit-world-table.ts', 420, 436 ]
632 silly gunzTarPerm extractEntry dist/util/dev/templates/error_404.tsdef
633 silly gunzTarPerm modified mode [ 'dist/util/dev/templates/error_404.tsdef', 420, 436 ]
634 silly gunzTarPerm extractEntry dist/util/dev/templates/error_502.tsdef
635 silly gunzTarPerm modified mode [ 'dist/util/dev/templates/error_502.tsdef', 420, 436 ]
636 silly gunzTarPerm extractEntry dist/util/dev/templates/error_base.tsdef
637 silly gunzTarPerm modified mode [ 'dist/util/dev/templates/error_base.tsdef', 420, 436 ]
638 silly gunzTarPerm extractEntry dist/util/dev/templates/error.tsdef
639 silly gunzTarPerm modified mode [ 'dist/util/dev/templates/error.tsdef', 420, 436 ]
640 silly gunzTarPerm extractEntry dist/util/dev/templates/redirect.tsdef
641 silly gunzTarPerm modified mode [ 'dist/util/dev/templates/redirect.tsdef', 420, 436 ]
642 silly gentlyRm /home/bambang/.npm-global/lib/node_modules/.staging/now-9515b270/node_modules is being purged
643 verbose gentlyRm don't care about contents; nuking /home/bambang/.npm-global/lib/node_modules/.staging/now-9515b270/node_modules
644 silly doParallel preinstall 1
645 silly preinstall now@16.2.0 /home/bambang/.npm-global/lib/node_modules/.staging/now-9515b270
646 info lifecycle now@16.2.0~preinstall: now@16.2.0
647 verbose lifecycle now@16.2.0~preinstall: unsafe-perm in lifecycle true
648 verbose lifecycle now@16.2.0~preinstall: PATH: /usr/share/npm/bin/node-gyp-bin:/home/bambang/.npm-global/lib/node_modules/.staging/now-9515b270/node_modules/.bin:/home/bambang/.npm-global/lib/node_modules/.bin:/home/bambang/.local/bin:/usr/local/sbin:/usr/local/bin:/usr/sbin:/usr/bin:/sbin:/bin:/usr/games:/usr/local/games:/snap/bin
649 verbose lifecycle now@16.2.0~preinstall: CWD: /home/bambang/.npm-global/lib/node_modules/.staging/now-9515b270
650 silly lifecycle now@16.2.0~preinstall: Args: [ '-c', 'node ./scripts/preinstall.js' ]
651 silly lifecycle now@16.2.0~preinstall: Returned: code: 1  signal: null
652 info lifecycle now@16.2.0~preinstall: Failed to exec preinstall script
653 verbose unlock done using /home/bambang/.npm/_locks/staging-bae836461dec4e75.lock for /home/bambang/.npm-global/lib/node_modules/.staging
654 silly rollbackFailedOptional Starting
655 silly rollbackFailedOptional Finishing
656 silly runTopLevelLifecycles Starting
657 silly runTopLevelLifecycles Finishing
658 silly install printInstalled
659 verbose stack Error: now@16.2.0 preinstall: `node ./scripts/preinstall.js`
659 verbose stack Exit status 1
659 verbose stack     at EventEmitter.<anonymous> (/usr/share/npm/lib/utils/lifecycle.js:232:16)
659 verbose stack     at emitTwo (events.js:126:13)
659 verbose stack     at EventEmitter.emit (events.js:214:7)
659 verbose stack     at ChildProcess.<anonymous> (/usr/share/npm/lib/utils/spawn.js:24:14)
659 verbose stack     at emitTwo (events.js:126:13)
659 verbose stack     at ChildProcess.emit (events.js:214:7)
659 verbose stack     at maybeClose (internal/child_process.js:925:16)
659 verbose stack     at Process.ChildProcess._handle.onexit (internal/child_process.js:209:5)
660 verbose pkgid now@16.2.0
661 verbose cwd /home/bambang/Projects/badigsoft
662 error Linux 5.0.0-27-generic
663 error argv "/usr/bin/node" "/usr/bin/npm" "i" "-g" "now"
664 error node v8.10.0
665 error npm  v3.5.2
666 error code ELIFECYCLE
667 error now@16.2.0 preinstall: `node ./scripts/preinstall.js`
667 error Exit status 1
668 error Failed at the now@16.2.0 preinstall script 'node ./scripts/preinstall.js'.
668 error Make sure you have the latest version of node.js and npm installed.
668 error If you do, this is most likely a problem with the now package,
668 error not with npm itself.
668 error Tell the author that this fails on your system:
668 error     node ./scripts/preinstall.js
668 error You can get information on how to open an issue for this project with:
668 error     npm bugs now
668 error Or if that isn't available, you can get their info via:
668 error     npm owner ls now
668 error There is likely additional logging output above.
669 verbose exit [ 1, true ]
